1772682594.674460 client started (327988): version 3.4, socket /tmp/tmux-1000/default, protocol 8
1772682594.674486 on Linux 6.17.0-14-generic #14~24.04.1-Ubuntu SMP PREEMPT_DYNAMIC Thu Jan 15 15:52:10 UTC 2
1772682594.674491 using libevent 2.1.12-stable poll
1772682594.674494 using ncurses 6.4 20240113
1772682594.674506 flags are 0x10010000
1772682594.674517 socket is /tmp/tmux-1000/default
1772682594.674526 trying connect
1772682594.674580 add peer 0x5ba55dc0c610: 6 ((nil))
1772682594.674790 sending message 100 to peer 0x5ba55dc0c610 (4 bytes)
1772682594.674796 sending message 111 to peer 0x5ba55dc0c610 (8 bytes)
1772682594.674800 sending message 101 to peer 0x5ba55dc0c610 (16 bytes)
1772682594.674803 sending message 109 to peer 0x5ba55dc0c610 (4 bytes)
1772682594.674806 sending message 102 to peer 0x5ba55dc0c610 (11 bytes)
1772682594.674809 sending message 108 to peer 0x5ba55dc0c610 (28 bytes)
1772682594.674812 sending message 112 to peer 0x5ba55dc0c610 (70 bytes)
1772682594.674815 sending message 112 to peer 0x5ba55dc0c610 (5 bytes)
1772682594.674818 sending message 112 to peer 0x5ba55dc0c610 (5 bytes)
1772682594.674821 sending message 112 to peer 0x5ba55dc0c610 (6 bytes)
1772682594.674824 sending message 112 to peer 0x5ba55dc0c610 (6 bytes)
1772682594.674827 sending message 112 to peer 0x5ba55dc0c610 (11 bytes)
1772682594.674831 sending message 112 to peer 0x5ba55dc0c610 (10 bytes)
1772682594.674834 sending message 112 to peer 0x5ba55dc0c610 (13 bytes)
1772682594.674837 sending message 112 to peer 0x5ba55dc0c610 (13 bytes)
1772682594.674840 sending message 112 to peer 0x5ba55dc0c610 (18 bytes)
1772682594.674843 sending message 112 to peer 0x5ba55dc0c610 (11 bytes)
1772682594.674846 sending message 112 to peer 0x5ba55dc0c610 (21 bytes)
1772682594.674849 sending message 112 to peer 0x5ba55dc0c610 (13 bytes)
1772682594.674852 sending message 112 to peer 0x5ba55dc0c610 (7 bytes)
1772682594.674855 sending message 112 to peer 0x5ba55dc0c610 (13 bytes)
1772682594.674858 sending message 112 to peer 0x5ba55dc0c610 (7 bytes)
1772682594.674861 sending message 112 to peer 0x5ba55dc0c610 (13 bytes)
1772682594.674864 sending message 112 to peer 0x5ba55dc0c610 (9 bytes)
1772682594.674867 sending message 112 to peer 0x5ba55dc0c610 (21 bytes)
1772682594.674870 sending message 112 to peer 0x5ba55dc0c610 (13 bytes)
1772682594.674873 sending message 112 to peer 0x5ba55dc0c610 (8 bytes)
1772682594.674876 sending message 112 to peer 0x5ba55dc0c610 (12 bytes)
1772682594.674879 sending message 112 to peer 0x5ba55dc0c610 (13 bytes)
1772682594.674882 sending message 112 to peer 0x5ba55dc0c610 (9 bytes)
1772682594.674885 sending message 112 to peer 0x5ba55dc0c610 (9 bytes)
1772682594.674888 sending message 112 to peer 0x5ba55dc0c610 (12 bytes)
1772682594.674891 sending message 112 to peer 0x5ba55dc0c610 (8 bytes)
1772682594.674894 sending message 112 to peer 0x5ba55dc0c610 (7 bytes)
1772682594.674897 sending message 112 to peer 0x5ba55dc0c610 (7 bytes)
1772682594.674900 sending message 112 to peer 0x5ba55dc0c610 (9 bytes)
1772682594.674903 sending message 112 to peer 0x5ba55dc0c610 (13 bytes)
1772682594.674906 sending message 112 to peer 0x5ba55dc0c610 (9 bytes)
1772682594.674910 sending message 112 to peer 0x5ba55dc0c610 (15 bytes)
1772682594.674913 sending message 112 to peer 0x5ba55dc0c610 (13 bytes)
1772682594.674916 sending message 112 to peer 0x5ba55dc0c610 (12 bytes)
1772682594.674919 sending message 112 to peer 0x5ba55dc0c610 (8 bytes)
1772682594.674922 sending message 112 to peer 0x5ba55dc0c610 (14 bytes)
1772682594.674925 sending message 112 to peer 0x5ba55dc0c610 (9 bytes)
1772682594.674928 sending message 112 to peer 0x5ba55dc0c610 (10 bytes)
1772682594.674931 sending message 112 to peer 0x5ba55dc0c610 (10 bytes)
1772682594.674934 sending message 112 to peer 0x5ba55dc0c610 (10 bytes)
1772682594.674937 sending message 112 to peer 0x5ba55dc0c610 (10 bytes)
1772682594.674940 sending message 112 to peer 0x5ba55dc0c610 (11 bytes)
1772682594.674943 sending message 112 to peer 0x5ba55dc0c610 (10 bytes)
1772682594.674946 sending message 112 to peer 0x5ba55dc0c610 (8 bytes)
1772682594.674955 sending message 112 to peer 0x5ba55dc0c610 (11 bytes)
1772682594.674958 sending message 112 to peer 0x5ba55dc0c610 (11 bytes)
1772682594.674961 sending message 112 to peer 0x5ba55dc0c610 (11 bytes)
1772682594.674965 sending message 112 to peer 0x5ba55dc0c610 (8 bytes)
1772682594.674968 sending message 112 to peer 0x5ba55dc0c610 (8 bytes)
1772682594.674971 sending message 112 to peer 0x5ba55dc0c610 (8 bytes)
1772682594.674974 sending message 112 to peer 0x5ba55dc0c610 (10 bytes)
1772682594.674977 sending message 112 to peer 0x5ba55dc0c610 (10 bytes)
1772682594.674980 sending message 112 to peer 0x5ba55dc0c610 (10 bytes)
1772682594.674983 sending message 112 to peer 0x5ba55dc0c610 (10 bytes)
1772682594.674986 sending message 112 to peer 0x5ba55dc0c610 (10 bytes)
1772682594.674989 sending message 112 to peer 0x5ba55dc0c610 (11 bytes)
1772682594.674992 sending message 112 to peer 0x5ba55dc0c610 (11 bytes)
1772682594.674995 sending message 112 to peer 0x5ba55dc0c610 (10 bytes)
1772682594.674998 sending message 112 to peer 0x5ba55dc0c610 (9 bytes)
1772682594.675001 sending message 112 to peer 0x5ba55dc0c610 (9 bytes)
1772682594.675004 sending message 112 to peer 0x5ba55dc0c610 (12 bytes)
1772682594.675007 sending message 112 to peer 0x5ba55dc0c610 (9 bytes)
1772682594.675010 sending message 112 to peer 0x5ba55dc0c610 (6 bytes)
1772682594.675013 sending message 112 to peer 0x5ba55dc0c610 (13 bytes)
1772682594.675016 sending message 112 to peer 0x5ba55dc0c610 (8 bytes)
1772682594.675019 sending message 112 to peer 0x5ba55dc0c610 (15 bytes)
1772682594.675022 sending message 112 to peer 0x5ba55dc0c610 (13 bytes)
1772682594.675025 sending message 112 to peer 0x5ba55dc0c610 (70 bytes)
1772682594.675028 sending message 112 to peer 0x5ba55dc0c610 (69 bytes)
1772682594.675031 sending message 112 to peer 0x5ba55dc0c610 (10 bytes)
1772682594.675034 sending message 112 to peer 0x5ba55dc0c610 (8 bytes)
1772682594.675037 sending message 112 to peer 0x5ba55dc0c610 (15 bytes)
1772682594.675041 sending message 112 to peer 0x5ba55dc0c610 (13 bytes)
1772682594.675044 sending message 112 to peer 0x5ba55dc0c610 (10 bytes)
1772682594.675047 sending message 112 to peer 0x5ba55dc0c610 (10 bytes)
1772682594.675050 sending message 112 to peer 0x5ba55dc0c610 (5 bytes)
1772682594.675053 sending message 112 to peer 0x5ba55dc0c610 (15 bytes)
1772682594.675056 sending message 104 to peer 0x5ba55dc0c610 (0 bytes)
1772682594.675060 sending message 110 to peer 0x5ba55dc0c610 (0 bytes)
1772682594.675063 sending message 107 to peer 0x5ba55dc0c610 (4 bytes)
1772682594.675066 sending message 105 to peer 0x5ba55dc0c610 (58 bytes)
1772682594.675069 sending message 105 to peer 0x5ba55dc0c610 (23 bytes)
1772682594.675072 sending message 105 to peer 0x5ba55dc0c610 (20 bytes)
1772682594.675075 sending message 105 to peer 0x5ba55dc0c610 (54 bytes)
1772682594.675079 sending message 105 to peer 0x5ba55dc0c610 (47 bytes)
1772682594.675082 sending message 105 to peer 0x5ba55dc0c610 (19 bytes)
1772682594.675085 sending message 105 to peer 0x5ba55dc0c610 (65 bytes)
1772682594.675088 sending message 105 to peer 0x5ba55dc0c610 (11 bytes)
1772682594.675091 sending message 105 to peer 0x5ba55dc0c610 (14 bytes)
1772682594.675094 sending message 105 to peer 0x5ba55dc0c610 (55 bytes)
1772682594.675097 sending message 105 to peer 0x5ba55dc0c610 (52 bytes)
1772682594.675100 sending message 105 to peer 0x5ba55dc0c610 (35 bytes)
1772682594.675103 sending message 105 to peer 0x5ba55dc0c610 (19 bytes)
1772682594.675106 sending message 105 to peer 0x5ba55dc0c610 (28 bytes)
1772682594.675109 sending message 105 to peer 0x5ba55dc0c610 (20 bytes)
1772682594.675112 sending message 105 to peer 0x5ba55dc0c610 (41 bytes)
1772682594.675115 sending message 105 to peer 0x5ba55dc0c610 (65 bytes)
1772682594.675118 sending message 105 to peer 0x5ba55dc0c610 (16 bytes)
1772682594.675121 sending message 105 to peer 0x5ba55dc0c610 (60 bytes)
1772682594.675125 sending message 105 to peer 0x5ba55dc0c610 (18 bytes)
1772682594.675128 sending message 105 to peer 0x5ba55dc0c610 (17 bytes)
1772682594.675134 sending message 105 to peer 0x5ba55dc0c610 (35 bytes)
1772682594.675138 sending message 105 to peer 0x5ba55dc0c610 (17 bytes)
1772682594.675141 sending message 105 to peer 0x5ba55dc0c610 (104 bytes)
1772682594.675144 sending message 105 to peer 0x5ba55dc0c610 (55 bytes)
1772682594.675147 sending message 105 to peer 0x5ba55dc0c610 (16 bytes)
1772682594.675150 sending message 105 to peer 0x5ba55dc0c610 (28 bytes)
1772682594.675153 sending message 105 to peer 0x5ba55dc0c610 (64 bytes)
1772682594.675156 sending message 105 to peer 0x5ba55dc0c610 (22 bytes)
1772682594.675159 sending message 105 to peer 0x5ba55dc0c610 (290 bytes)
1772682594.675162 sending message 105 to peer 0x5ba55dc0c610 (32 bytes)
1772682594.675166 sending message 105 to peer 0x5ba55dc0c610 (56 bytes)
1772682594.675169 sending message 105 to peer 0x5ba55dc0c610 (19 bytes)
1772682594.675172 sending message 105 to peer 0x5ba55dc0c610 (18 bytes)
1772682594.675175 sending message 105 to peer 0x5ba55dc0c610 (23 bytes)
1772682594.675178 sending message 105 to peer 0x5ba55dc0c610 (19 bytes)
1772682594.675181 sending message 105 to peer 0x5ba55dc0c610 (8 bytes)
1772682594.675184 sending message 105 to peer 0x5ba55dc0c610 (51 bytes)
1772682594.675187 sending message 105 to peer 0x5ba55dc0c610 (38 bytes)
1772682594.675190 sending message 105 to peer 0x5ba55dc0c610 (19 bytes)
1772682594.675193 sending message 105 to peer 0x5ba55dc0c610 (21 bytes)
1772682594.675196 sending message 105 to peer 0x5ba55dc0c610 (60 bytes)
1772682594.675199 sending message 105 to peer 0x5ba55dc0c610 (18 bytes)
1772682594.675202 sending message 105 to peer 0x5ba55dc0c610 (25 bytes)
1772682594.675205 sending message 105 to peer 0x5ba55dc0c610 (36 bytes)
1772682594.675208 sending message 105 to peer 0x5ba55dc0c610 (13 bytes)
1772682594.675211 sending message 105 to peer 0x5ba55dc0c610 (55 bytes)
1772682594.675214 sending message 105 to peer 0x5ba55dc0c610 (14 bytes)
1772682594.675217 sending message 105 to peer 0x5ba55dc0c610 (18 bytes)
1772682594.675220 sending message 105 to peer 0x5ba55dc0c610 (18 bytes)
1772682594.675223 sending message 105 to peer 0x5ba55dc0c610 (13 bytes)
1772682594.675226 sending message 105 to peer 0x5ba55dc0c610 (41 bytes)
1772682594.675229 sending message 105 to peer 0x5ba55dc0c610 (41 bytes)
1772682594.675233 sending message 105 to peer 0x5ba55dc0c610 (23 bytes)
1772682594.675236 sending message 105 to peer 0x5ba55dc0c610 (179 bytes)
1772682594.675239 sending message 105 to peer 0x5ba55dc0c610 (31 bytes)
1772682594.675242 sending message 105 to peer 0x5ba55dc0c610 (15 bytes)
1772682594.675245 sending message 105 to peer 0x5ba55dc0c610 (23 bytes)
1772682594.675248 sending message 105 to peer 0x5ba55dc0c610 (23 bytes)
1772682594.675251 sending message 105 to peer 0x5ba55dc0c610 (17 bytes)
1772682594.675254 sending message 105 to peer 0x5ba55dc0c610 (21 bytes)
1772682594.675257 sending message 105 to peer 0x5ba55dc0c610 (11 bytes)
1772682594.675260 sending message 105 to peer 0x5ba55dc0c610 (20 bytes)
1772682594.675263 sending message 105 to peer 0x5ba55dc0c610 (16 bytes)
1772682594.675266 sending message 106 to peer 0x5ba55dc0c610 (0 bytes)
1772682594.675292 sending message 200 to peer 0x5ba55dc0c610 (4 bytes)
1772682594.675295 client loop enter
1772682594.675615 peer 0x5ba55dc0c610 message 303
1772682594.675624 open write file 2 -
1772682594.675630 sending message 305 to peer 0x5ba55dc0c610 (8 bytes)
1772682594.675637 write check file 2
1772682594.675713 peer 0x5ba55dc0c610 message 304
1772682594.675716 write 58 to file 2
1772682594.675720 peer 0x5ba55dc0c610 message 203
1772682594.675722 file 2 58 bytes left
1772682594.675731 write check file 2
1772682594.675733 client loop exit
